<?xml version="1.0" encoding="UTF-8"?>
<!-- Generated by org.testng.reporters.JUnitReportReporter -->
<testsuite hostname="QA" failures="0" tests="1" name="sampleproject.TestClass" time="42.757" errors="0" timestamp="2023-11-16T18:36:02 IST" skipped="0">
  <testcase classname="sampleproject.TestClass" name="launch" time="42.757"/>
</testsuite> <!-- sampleproject.TestClass -->
