<?xml version="1.0" encoding="UTF-8"?>
<!-- Generated by org.testng.reporters.JUnitReportReporter -->
<testsuite hostname="QA" failures="0" tests="1" name="sampleproject.TestClass" time="6.908" errors="0" timestamp="2023-11-17T11:21:51 IST" skipped="0">
  <testcase classname="sampleproject.TestClass" name="launch" time="6.908"/>
</testsuite> <!-- sampleproject.TestClass -->
